<?xml version="1.0" encoding="UTF-8"?>
<testng-results ignored="0" total="1" passed="1" failed="0" skipped="0">
  <reporter-output>
  </reporter-output>
  <suite started-at="2022-09-17T23:31:54 IST" name="PortFolio Suite" finished-at="2022-09-17T23:32:07 IST" duration-ms="13160">
    <groups>
    </groups>
    <test started-at="2022-09-17T23:31:54 IST" name="TC-1 Create Portfolio-Create New PortFolio" finished-at="2022-09-17T23:32:07 IST" duration-ms="13160">
      <class name="testcases.CreatePortfolioTest">
        <test-method is-config="true" signature="beforeTest(org.testng.ITestContext)[pri:0, instance:testcases.CreatePortfolioTest@31d7b7bf]" started-at="2022-09-17T23:31:54 IST" name="beforeTest" finished-at="2022-09-17T23:32:00 IST" duration-ms="6320" status="PASS">
          <params>
            <param index="0">
              <value>
                <![CDATA[org.testng.TestRunner@3efedc6f]]>
              </value>
            </param>
          </params>
          <reporter-output>
          </reporter-output>
        </test-method> <!-- beforeTest -->
        <test-method is-config="true" signature="beforeMethod(org.testng.ITestContext,java.lang.reflect.Method)[pri:0, instance:testcases.CreatePortfolioTest@31d7b7bf]" started-at="2022-09-17T23:32:00 IST" name="beforeMethod" finished-at="2022-09-17T23:32:00 IST" duration-ms="1" status="PASS">
          <params>
            <param index="0">
              <value>
                <![CDATA[org.testng.TestRunner@3efedc6f]]>
              </value>
            </param>
            <param index="1">
              <value>
                <![CDATA[public void testcases.CreatePortfolioTest.createPFTest(org.testng.ITestContext) throws java.lang.InterruptedException]]>
              </value>
            </param>
          </params>
          <reporter-output>
          </reporter-output>
        </test-method> <!-- beforeMethod -->
        <test-method signature="createPFTest(org.testng.ITestContext)[pri:0, instance:testcases.CreatePortfolioTest@31d7b7bf]" started-at="2022-09-17T23:32:00 IST" name="createPFTest" finished-at="2022-09-17T23:32:05 IST" duration-ms="4850" status="PASS">
          <params>
            <param index="0">
              <value>
                <![CDATA[org.testng.TestRunner@3efedc6f]]>
              </value>
            </param>
          </params>
          <reporter-output>
          </reporter-output>
        </test-method> <!-- createPFTest -->
        <test-method is-config="true" signature="quit(org.testng.ITestContext)[pri:0, instance:testcases.CreatePortfolioTest@31d7b7bf]" started-at="2022-09-17T23:32:05 IST" name="quit" finished-at="2022-09-17T23:32:07 IST" duration-ms="1926" status="PASS">
          <params>
            <param index="0">
              <value>
                <![CDATA[org.testng.TestRunner@3efedc6f]]>
              </value>
            </param>
          </params>
          <reporter-output>
          </reporter-output>
        </test-method> <!-- quit -->
      </class> <!-- testcases.CreatePortfolioTest -->
    </test> <!-- TC-1 Create Portfolio-Create New PortFolio -->
  </suite> <!-- PortFolio Suite -->
</testng-results>
